{"/home/s/dev/ens/index.js":{"path":"/home/s/dev/ens/index.js","s":{"1":1,"2":1,"3":6,"4":1},"b":{},"f":{"1":6},"fnMap":{"1":{"name":"(anonymous_1)","line":7,"loc":{"start":{"line":7,"column":51},"end":{"line":7,"column":71}}}},"statementMap":{"1":{"start":{"line":5,"column":0},"end":{"line":5,"column":13}},"2":{"start":{"line":7,"column":0},"end":{"line":9,"column":3}},"3":{"start":{"line":8,"column":2},"end":{"line":8,"column":47}},"4":{"start":{"line":11,"column":0},"end":{"line":11,"column":21}}},"branchMap":{}},"/home/s/dev/ens/lib/arr/index.js":{"path":"/home/s/dev/ens/lib/arr/index.js","s":{"1":1,"2":7},"b":{"1":[1,6]},"f":{"1":7},"fnMap":{"1":{"name":"(anonymous_1)","line":5,"loc":{"start":{"line":5,"column":17},"end":{"line":5,"column":30}}}},"statementMap":{"1":{"start":{"line":5,"column":0},"end":{"line":7,"column":2}},"2":{"start":{"line":6,"column":2},"end":{"line":6,"column":37}}},"branchMap":{"1":{"line":6,"type":"cond-expr","locations":[{"start":{"line":6,"column":30},"end":{"line":6,"column":31}},{"start":{"line":6,"column":34},"end":{"line":6,"column":36}}]}}},"/home/s/dev/ens/lib/str/index.js":{"path":"/home/s/dev/ens/lib/str/index.js","s":{"1":1,"2":7},"b":{"1":[2,5]},"f":{"1":7},"fnMap":{"1":{"name":"(anonymous_1)","line":5,"loc":{"start":{"line":5,"column":17},"end":{"line":5,"column":30}}}},"statementMap":{"1":{"start":{"line":5,"column":0},"end":{"line":7,"column":2}},"2":{"start":{"line":6,"column":2},"end":{"line":6,"column":40}}},"branchMap":{"1":{"line":6,"type":"cond-expr","locations":[{"start":{"line":6,"column":33},"end":{"line":6,"column":34}},{"start":{"line":6,"column":37},"end":{"line":6,"column":39}}]}}},"/home/s/dev/ens/lib/num/index.js":{"path":"/home/s/dev/ens/lib/num/index.js","s":{"1":1,"2":7},"b":{"1":[2,5]},"f":{"1":7},"fnMap":{"1":{"name":"(anonymous_1)","line":5,"loc":{"start":{"line":5,"column":17},"end":{"line":5,"column":30}}}},"statementMap":{"1":{"start":{"line":5,"column":0},"end":{"line":7,"column":2}},"2":{"start":{"line":6,"column":2},"end":{"line":6,"column":39}}},"branchMap":{"1":{"line":6,"type":"cond-expr","locations":[{"start":{"line":6,"column":33},"end":{"line":6,"column":34}},{"start":{"line":6,"column":37},"end":{"line":6,"column":38}}]}}},"/home/s/dev/ens/lib/boo/index.js":{"path":"/home/s/dev/ens/lib/boo/index.js","s":{"1":1,"2":7},"b":{"1":[2,5]},"f":{"1":7},"fnMap":{"1":{"name":"(anonymous_1)","line":5,"loc":{"start":{"line":5,"column":17},"end":{"line":5,"column":30}}}},"statementMap":{"1":{"start":{"line":5,"column":0},"end":{"line":7,"column":2}},"2":{"start":{"line":6,"column":2},"end":{"line":6,"column":43}}},"branchMap":{"1":{"line":6,"type":"cond-expr","locations":[{"start":{"line":6,"column":34},"end":{"line":6,"column":35}},{"start":{"line":6,"column":38},"end":{"line":6,"column":42}}]}}},"/home/s/dev/ens/lib/obj/index.js":{"path":"/home/s/dev/ens/lib/obj/index.js","s":{"1":1,"2":7},"b":{"1":[2,5],"2":[7,2]},"f":{"1":7},"fnMap":{"1":{"name":"(anonymous_1)","line":5,"loc":{"start":{"line":5,"column":17},"end":{"line":5,"column":30}}}},"statementMap":{"1":{"start":{"line":5,"column":0},"end":{"line":7,"column":2}},"2":{"start":{"line":6,"column":2},"end":{"line":6,"column":66}}},"branchMap":{"1":{"line":6,"type":"cond-expr","locations":[{"start":{"line":6,"column":59},"end":{"line":6,"column":60}},{"start":{"line":6,"column":63},"end":{"line":6,"column":65}}]},"2":{"line":6,"type":"binary-expr","locations":[{"start":{"line":6,"column":10},"end":{"line":6,"column":31}},{"start":{"line":6,"column":34},"end":{"line":6,"column":55}}]}}},"/home/s/dev/ens/lib/fun/index.js":{"path":"/home/s/dev/ens/lib/fun/index.js","s":{"1":1,"2":7},"b":{"1":[2,5]},"f":{"1":7,"2":1},"fnMap":{"1":{"name":"(anonymous_1)","line":5,"loc":{"start":{"line":5,"column":17},"end":{"line":5,"column":30}}},"2":{"name":"(anonymous_2)","line":6,"loc":{"start":{"line":6,"column":39},"end":{"line":6,"column":51}}}},"statementMap":{"1":{"start":{"line":5,"column":0},"end":{"line":7,"column":2}},"2":{"start":{"line":6,"column":2},"end":{"line":6,"column":54}}},"branchMap":{"1":{"line":6,"type":"cond-expr","locations":[{"start":{"line":6,"column":35},"end":{"line":6,"column":36}},{"start":{"line":6,"column":39},"end":{"line":6,"column":53}}]}}}}