TN:
SF:/home/s/dev/ens/index.js
FN:7,(anonymous_1)
FNF:1
FNH:1
FNDA:6,(anonymous_1)
DA:5,1
DA:7,1
DA:8,6
DA:11,1
LF:4
LH:4
BRF:0
BRH:0
end_of_record
TN:
SF:/home/s/dev/ens/lib/arr/index.js
FN:5,(anonymous_1)
FNF:1
FNH:1
FNDA:7,(anonymous_1)
DA:5,1
DA:6,7
LF:2
LH:2
BRDA:6,1,0,1
BRDA:6,1,1,6
BRF:2
BRH:2
end_of_record
TN:
SF:/home/s/dev/ens/lib/str/index.js
FN:5,(anonymous_1)
FNF:1
FNH:1
FNDA:7,(anonymous_1)
DA:5,1
DA:6,7
LF:2
LH:2
BRDA:6,1,0,2
BRDA:6,1,1,5
BRF:2
BRH:2
end_of_record
TN:
SF:/home/s/dev/ens/lib/num/index.js
FN:5,(anonymous_1)
FNF:1
FNH:1
FNDA:7,(anonymous_1)
DA:5,1
DA:6,7
LF:2
LH:2
BRDA:6,1,0,2
BRDA:6,1,1,5
BRF:2
BRH:2
end_of_record
TN:
SF:/home/s/dev/ens/lib/boo/index.js
FN:5,(anonymous_1)
FNF:1
FNH:1
FNDA:7,(anonymous_1)
DA:5,1
DA:6,7
LF:2
LH:2
BRDA:6,1,0,2
BRDA:6,1,1,5
BRF:2
BRH:2
end_of_record
TN:
SF:/home/s/dev/ens/lib/obj/index.js
FN:5,(anonymous_1)
FNF:1
FNH:1
FNDA:7,(anonymous_1)
DA:5,1
DA:6,7
LF:2
LH:2
BRDA:6,1,0,2
BRDA:6,1,1,5
BRDA:6,2,0,7
BRDA:6,2,1,2
BRF:4
BRH:4
end_of_record
TN:
SF:/home/s/dev/ens/lib/fun/index.js
FN:5,(anonymous_1)
FN:6,(anonymous_2)
FNF:2
FNH:2
FNDA:7,(anonymous_1)
FNDA:1,(anonymous_2)
DA:5,1
DA:6,7
LF:2
LH:2
BRDA:6,1,0,2
BRDA:6,1,1,5
BRF:2
BRH:2
end_of_record
